2024-03-06 23:44:50,201 - INFO - Using device: cuda
2024-03-06 23:45:31,031 - INFO - Using device: cuda
2024-03-06 23:45:38,906 - INFO - Using device: cuda
2024-03-06 23:49:04,002 - INFO - Using device: cuda
2024-03-06 23:57:04,493 - INFO - Using device: cuda
2024-03-06 23:57:07,101 - INFO - epoch 0 starts
2024-03-06 23:57:13,079 - INFO - Epoch 1:
2024-03-06 23:57:13,080 - INFO -   Training Loss: 0.7265, Training Accuracy: 50.00%
2024-03-06 23:57:13,080 - INFO -   Validation Loss: 0.7120, Validation Accuracy: 50.00%
2024-03-06 23:57:13,080 - INFO - epoch 1 starts
2024-03-06 23:57:17,411 - INFO - Epoch 2:
2024-03-06 23:57:17,411 - INFO -   Training Loss: 0.6887, Training Accuracy: 50.00%
2024-03-06 23:57:17,411 - INFO -   Validation Loss: 0.6920, Validation Accuracy: 50.00%
2024-03-06 23:58:14,567 - INFO - Using device: cuda
2024-03-06 23:58:17,147 - INFO - epoch 0 starts
2024-03-06 23:58:22,958 - INFO - Epoch 1:
2024-03-06 23:58:22,960 - INFO -   Training Loss: 0.7376, Training Accuracy: 50.00%
2024-03-06 23:58:22,961 - INFO -   Validation Loss: 0.7185, Validation Accuracy: 50.00%
2024-03-06 23:58:22,963 - INFO - epoch 1 starts
2024-03-06 23:58:27,268 - INFO - Epoch 2:
2024-03-06 23:58:27,268 - INFO -   Training Loss: 0.6563, Training Accuracy: 60.00%
2024-03-06 23:58:27,268 - INFO -   Validation Loss: 0.7207, Validation Accuracy: 50.00%
2024-03-06 23:58:28,337 - INFO - Test Loss: 0.7448, Test Accuracy: 50.00%
2024-03-06 23:58:28,679 - INFO - Plots saved: "training_validation_loss.png" and "training_validation_accuracy.png"
2024-03-07 00:00:39,138 - INFO - Using device: cuda
2024-03-07 00:00:41,794 - INFO - epoch 0 starts
2024-03-07 00:00:47,799 - INFO - Epoch 1:
2024-03-07 00:00:47,799 - INFO -   Training Loss: 0.7116, Training Accuracy: 50.00%
2024-03-07 00:00:47,800 - INFO -   Validation Loss: 0.7232, Validation Accuracy: 50.00%
2024-03-07 00:00:47,800 - INFO - epoch 1 starts
2024-03-07 00:00:52,395 - INFO - Epoch 2:
2024-03-07 00:00:52,395 - INFO -   Training Loss: 0.6276, Training Accuracy: 80.00%
2024-03-07 00:00:52,395 - INFO -   Validation Loss: 0.7273, Validation Accuracy: 50.00%
2024-03-07 00:00:53,603 - INFO - Test Loss: 0.7106, Test Accuracy: 50.00%
2024-03-07 00:00:54,115 - INFO - Plots saved: "training_validation_loss.png" and "training_validation_accuracy.png"
2024-03-07 00:01:50,257 - INFO - Using device: cuda
2024-03-07 00:01:52,862 - INFO - epoch 0 starts
2024-03-07 00:10:32,455 - INFO - Using device: cuda
2024-03-07 00:10:35,118 - INFO - epoch 0 starts
2024-03-07 00:11:26,755 - INFO - Using device: cuda
2024-03-07 00:11:29,399 - INFO - epoch 0 starts
2024-03-07 00:11:50,143 - INFO - Using device: cuda
2024-03-07 00:11:52,769 - INFO - epoch 0 starts
2024-03-07 00:12:35,187 - INFO - Using device: cuda
2024-03-07 00:12:37,799 - INFO - epoch 0 starts
2024-03-07 00:12:37,966 - INFO - torch.Size([4, 112, 112, 112])
2024-03-07 00:14:36,538 - INFO - Using device: cuda
2024-03-07 00:14:39,205 - INFO - epoch 0 starts
2024-03-07 00:14:39,590 - INFO - torch.Size([4, 112, 112, 112, 3])
2024-03-07 00:17:44,065 - INFO - Using device: cuda
2024-03-07 00:19:22,470 - INFO - Using device: cuda
2024-03-07 00:19:25,123 - INFO - epoch 0 starts
2024-03-07 00:19:25,255 - INFO - torch.Size([4, 1, 112, 112, 112])
2024-03-07 00:19:27,849 - INFO - torch.Size([4, 1, 112, 112, 112])
2024-03-07 00:19:28,752 - INFO - torch.Size([2, 1, 112, 112, 112])
2024-03-07 00:19:30,077 - INFO - Epoch 1:
2024-03-07 00:19:30,077 - INFO -   Training Loss: 0.6628, Training Accuracy: 50.00%
2024-03-07 00:19:30,077 - INFO -   Validation Loss: 0.6938, Validation Accuracy: 50.00%
2024-03-07 00:19:30,077 - INFO - epoch 1 starts
2024-03-07 00:19:30,228 - INFO - torch.Size([4, 1, 112, 112, 112])
2024-03-07 00:19:31,186 - INFO - torch.Size([4, 1, 112, 112, 112])
2024-03-07 00:19:32,068 - INFO - torch.Size([2, 1, 112, 112, 112])
2024-03-07 00:19:33,405 - INFO - Epoch 2:
2024-03-07 00:19:33,405 - INFO -   Training Loss: 0.6555, Training Accuracy: 70.00%
2024-03-07 00:19:33,406 - INFO -   Validation Loss: 0.6915, Validation Accuracy: 50.00%
2024-03-07 00:20:07,749 - INFO - Using device: cuda
2024-03-07 00:20:10,359 - INFO - epoch 0 starts
2024-03-07 00:20:15,909 - INFO - Epoch 1:
2024-03-07 00:20:15,909 - INFO -   Training Loss: 0.6194, Training Accuracy: 70.00%
2024-03-07 00:20:15,909 - INFO -   Validation Loss: 0.6833, Validation Accuracy: 50.00%
2024-03-07 00:20:15,909 - INFO - epoch 1 starts
2024-03-07 00:20:19,313 - INFO - Epoch 2:
2024-03-07 00:20:19,313 - INFO -   Training Loss: 0.5409, Training Accuracy: 80.00%
2024-03-07 00:20:19,314 - INFO -   Validation Loss: 0.6885, Validation Accuracy: 50.00%
2024-03-07 00:20:20,327 - INFO - Test Loss: 0.7082, Test Accuracy: 50.00%
2024-03-07 00:20:20,621 - INFO - Plots saved: "training_validation_loss.png" and "training_validation_accuracy.png"
2024-03-07 00:21:13,903 - INFO - Using device: cuda
2024-03-07 00:21:16,572 - INFO - epoch 0 starts
2024-03-07 00:22:57,219 - INFO - Using device: cuda
2024-03-07 00:22:59,861 - INFO - epoch 0 starts
2024-03-07 00:23:02,743 - INFO - Epoch 1:
2024-03-07 00:23:02,744 - INFO -   Training Loss: 0.6998, Training Accuracy: 50.00%
2024-03-07 00:23:02,744 - INFO -   Validation Loss: 0.7068, Validation Accuracy: 50.00%
2024-03-07 00:23:02,744 - INFO - epoch 1 starts
2024-03-07 00:23:04,019 - INFO - Epoch 2:
2024-03-07 00:23:04,019 - INFO -   Training Loss: 0.4206, Training Accuracy: 100.00%
2024-03-07 00:23:04,019 - INFO -   Validation Loss: 0.7140, Validation Accuracy: 50.00%
2024-03-07 00:23:04,378 - INFO - Test Loss: 0.7072, Test Accuracy: 50.00%
2024-03-07 00:23:04,655 - INFO - Plots saved: "training_validation_loss.png" and "training_validation_accuracy.png"
2024-03-07 00:23:32,064 - INFO - Using device: cuda
2024-03-07 00:23:34,667 - INFO - epoch 0 starts
2024-03-07 00:23:37,527 - INFO - Epoch 1:
2024-03-07 00:23:37,527 - INFO -   Training Loss: 0.6659, Training Accuracy: 50.00%
2024-03-07 00:23:37,527 - INFO -   Validation Loss: 0.6980, Validation Accuracy: 50.00%
2024-03-07 00:23:37,527 - INFO - epoch 1 starts
2024-03-07 00:23:38,822 - INFO - Epoch 2:
2024-03-07 00:23:38,822 - INFO -   Training Loss: 0.5234, Training Accuracy: 75.00%
2024-03-07 00:23:38,822 - INFO -   Validation Loss: 0.7024, Validation Accuracy: 50.00%
2024-03-07 00:23:39,291 - INFO - Test Loss: 0.7014, Test Accuracy: 50.00%
2024-03-07 00:23:39,561 - INFO - Plots saved: "training_validation_loss.png" and "training_validation_accuracy.png"
2024-03-07 00:24:02,558 - INFO - Using device: cuda
2024-03-07 00:24:05,251 - INFO - epoch 0 starts
2024-03-07 00:32:23,763 - INFO - Epoch 1:
2024-03-07 00:32:23,763 - INFO -   Training Loss: 0.4702, Training Accuracy: 79.55%
2024-03-07 00:32:23,763 - INFO -   Validation Loss: 0.3747, Validation Accuracy: 83.50%
2024-03-07 00:32:23,763 - INFO - epoch 1 starts
2024-03-07 00:40:40,849 - INFO - Epoch 2:
2024-03-07 00:40:40,850 - INFO -   Training Loss: 0.2918, Training Accuracy: 89.25%
2024-03-07 00:40:40,850 - INFO -   Validation Loss: 0.1483, Validation Accuracy: 96.00%
2024-03-07 00:40:40,850 - INFO - epoch 2 starts
2024-03-07 03:21:05,575 - INFO - Epoch 3:
2024-03-07 03:21:05,575 - INFO -   Training Loss: 0.2254, Training Accuracy: 92.10%
2024-03-07 03:21:05,576 - INFO -   Validation Loss: 0.1246, Validation Accuracy: 96.00%
2024-03-07 03:21:05,576 - INFO - epoch 3 starts
2024-03-07 03:29:23,662 - INFO - Epoch 4:
2024-03-07 03:29:23,662 - INFO -   Training Loss: 0.1942, Training Accuracy: 93.60%
2024-03-07 03:29:23,662 - INFO -   Validation Loss: 0.1122, Validation Accuracy: 97.00%
2024-03-07 03:29:23,662 - INFO - epoch 4 starts
2024-03-07 03:37:41,079 - INFO - Epoch 5:
2024-03-07 03:37:41,079 - INFO -   Training Loss: 0.1663, Training Accuracy: 94.70%
2024-03-07 03:37:41,079 - INFO -   Validation Loss: 0.0956, Validation Accuracy: 97.50%
2024-03-07 03:37:41,080 - INFO - epoch 5 starts
2024-03-07 03:45:59,605 - INFO - Epoch 6:
2024-03-07 03:45:59,606 - INFO -   Training Loss: 0.1484, Training Accuracy: 95.30%
2024-03-07 03:45:59,606 - INFO -   Validation Loss: 0.0922, Validation Accuracy: 97.00%
2024-03-07 03:45:59,606 - INFO - epoch 6 starts
2024-03-07 03:54:15,756 - INFO - Epoch 7:
2024-03-07 03:54:15,757 - INFO -   Training Loss: 0.1447, Training Accuracy: 95.35%
2024-03-07 03:54:15,757 - INFO -   Validation Loss: 0.1374, Validation Accuracy: 94.00%
2024-03-07 03:54:15,757 - INFO - epoch 7 starts
2024-03-07 04:02:36,291 - INFO - Epoch 8:
2024-03-07 04:02:36,291 - INFO -   Training Loss: 0.1482, Training Accuracy: 95.05%
2024-03-07 04:02:36,291 - INFO -   Validation Loss: 0.0870, Validation Accuracy: 98.00%
2024-03-07 04:02:36,292 - INFO - epoch 8 starts
2024-03-07 04:10:53,267 - INFO - Epoch 9:
2024-03-07 04:10:53,267 - INFO -   Training Loss: 0.1411, Training Accuracy: 95.40%
2024-03-07 04:10:53,267 - INFO -   Validation Loss: 0.0932, Validation Accuracy: 97.00%
2024-03-07 04:10:53,267 - INFO - epoch 9 starts
2024-03-07 04:27:12,834 - INFO - working with train_data_size_per_class: 5000
2024-03-07 04:27:12,834 - INFO - working with valid_data_size_per_class: 200
2024-03-07 04:27:12,834 - INFO - working with test_data_size_per_class: 200
2024-03-07 04:27:12,937 - INFO - Using device: cuda
2024-03-07 04:27:15,757 - INFO - epoch 0 starts
2024-03-07 05:07:43,172 - INFO - Epoch 0:
2024-03-07 05:07:43,172 - INFO -  Training Loss: 0.2569, Training Accuracy: 90.08%
2024-03-07 05:07:43,172 - INFO -  Validation Loss: 0.1474, Validation Accuracy: 94.75%
2024-03-07 05:07:43,173 - INFO - epoch 1 starts
2024-03-07 05:50:17,944 - INFO - Epoch 1:
2024-03-07 05:50:17,944 - INFO -  Training Loss: 0.1535, Training Accuracy: 94.99%
2024-03-07 05:50:17,944 - INFO -  Validation Loss: 0.1353, Validation Accuracy: 95.75%
2024-03-07 05:50:17,944 - INFO - epoch 2 starts
2024-03-07 06:33:09,823 - INFO - Epoch 2:
2024-03-07 06:33:09,824 - INFO -  Training Loss: 0.1414, Training Accuracy: 95.45%
2024-03-07 06:33:09,824 - INFO -  Validation Loss: 0.1271, Validation Accuracy: 95.25%
2024-03-07 06:33:09,824 - INFO - epoch 3 starts
2024-03-07 07:17:27,369 - INFO - Validation loss did not improve for 1/5 epochs.
2024-03-07 07:17:27,369 - INFO - Epoch 3:
2024-03-07 07:17:27,369 - INFO -  Training Loss: 0.1280, Training Accuracy: 95.96%
2024-03-07 07:17:27,369 - INFO -  Validation Loss: 0.1641, Validation Accuracy: 97.00%
2024-03-07 07:17:27,369 - INFO - epoch 4 starts
2024-03-07 08:01:30,590 - INFO - Validation loss did not improve for 2/5 epochs.
2024-03-07 08:01:30,590 - INFO - Epoch 4:
2024-03-07 08:01:30,590 - INFO -  Training Loss: 0.1206, Training Accuracy: 96.14%
2024-03-07 08:01:30,590 - INFO -  Validation Loss: 0.1659, Validation Accuracy: 94.75%
2024-03-07 08:01:30,590 - INFO - epoch 5 starts
2024-03-07 08:45:47,503 - INFO - Validation loss did not improve for 3/5 epochs.
2024-03-07 08:45:47,503 - INFO - Epoch 5:
2024-03-07 08:45:47,503 - INFO -  Training Loss: 0.1060, Training Accuracy: 96.55%
2024-03-07 08:45:47,503 - INFO -  Validation Loss: 3.7865, Validation Accuracy: 50.00%
2024-03-07 08:45:47,503 - INFO - epoch 6 starts
2024-03-07 09:30:25,874 - INFO - Epoch 6:
2024-03-07 09:30:25,874 - INFO -  Training Loss: 0.0846, Training Accuracy: 97.27%
2024-03-07 09:30:25,874 - INFO -  Validation Loss: 0.0934, Validation Accuracy: 97.25%
2024-03-07 09:30:25,875 - INFO - epoch 7 starts
2024-03-07 10:14:28,672 - INFO - Epoch 7:
2024-03-07 10:14:28,672 - INFO -  Training Loss: 0.0772, Training Accuracy: 97.72%
2024-03-07 10:14:28,672 - INFO -  Validation Loss: 0.0688, Validation Accuracy: 98.50%
2024-03-07 10:14:28,673 - INFO - epoch 8 starts
2024-03-07 10:58:23,151 - INFO - Epoch 8:
2024-03-07 10:58:23,152 - INFO -  Training Loss: 0.0703, Training Accuracy: 97.94%
2024-03-07 10:58:23,152 - INFO -  Validation Loss: 0.0444, Validation Accuracy: 99.00%
2024-03-07 10:58:23,152 - INFO - epoch 9 starts
2024-03-07 11:42:34,271 - INFO - Validation loss did not improve for 1/5 epochs.
2024-03-07 11:42:34,271 - INFO - Epoch 9:
2024-03-07 11:42:34,271 - INFO -  Training Loss: 0.0647, Training Accuracy: 98.10%
2024-03-07 11:42:34,272 - INFO -  Validation Loss: 0.0589, Validation Accuracy: 97.75%
2024-03-07 11:42:34,272 - INFO - epoch 10 starts
2024-03-07 12:26:26,207 - INFO - Validation loss did not improve for 2/5 epochs.
2024-03-07 12:26:26,207 - INFO - Epoch 10:
2024-03-07 12:26:26,207 - INFO -  Training Loss: 0.0595, Training Accuracy: 98.20%
2024-03-07 12:26:26,207 - INFO -  Validation Loss: 0.0540, Validation Accuracy: 98.50%
2024-03-07 12:26:26,207 - INFO - epoch 11 starts
2024-03-07 13:10:45,513 - INFO - Validation loss did not improve for 3/5 epochs.
2024-03-07 13:10:45,513 - INFO - Epoch 11:
2024-03-07 13:10:45,514 - INFO -  Training Loss: 0.0609, Training Accuracy: 98.28%
2024-03-07 13:10:45,514 - INFO -  Validation Loss: 0.1084, Validation Accuracy: 97.75%
2024-03-07 13:10:45,514 - INFO - epoch 12 starts
2024-03-07 13:55:11,329 - INFO - Validation loss did not improve for 4/5 epochs.
2024-03-07 13:55:11,329 - INFO - Epoch 12:
2024-03-07 13:55:11,329 - INFO -  Training Loss: 0.0567, Training Accuracy: 98.39%
2024-03-07 13:55:11,329 - INFO -  Validation Loss: 0.1232, Validation Accuracy: 97.50%
2024-03-07 13:55:11,330 - INFO - epoch 13 starts
2024-03-07 14:38:49,865 - INFO - Validation loss did not improve for 5/5 epochs.
2024-03-07 14:38:49,865 - INFO - Early stopping triggered.
2024-03-07 14:39:29,407 - INFO - Test Loss: 0.0674, Test Accuracy: 97.75%
2024-03-07 16:57:15,841 - INFO - working with train_data_size_per_class: 5000
2024-03-07 16:57:15,841 - INFO - working with valid_data_size_per_class: 200
2024-03-07 16:57:15,841 - INFO - working with test_data_size_per_class: 200
2024-03-07 16:57:15,941 - INFO - Using device: cuda
2024-03-07 16:57:18,783 - INFO - epoch 0 starts
2024-03-07 16:57:50,863 - INFO - working with train_data_size_per_class: 5000
2024-03-07 16:57:50,863 - INFO - working with valid_data_size_per_class: 200
2024-03-07 16:57:50,863 - INFO - working with test_data_size_per_class: 200
2024-03-07 16:57:50,957 - INFO - Using device: cuda
2024-03-07 16:57:53,771 - INFO - epoch 0 starts
2024-03-07 17:33:03,556 - INFO - working with train_data_size_per_class: 5000
2024-03-07 17:33:03,556 - INFO - working with valid_data_size_per_class: 200
2024-03-07 17:33:03,556 - INFO - working with test_data_size_per_class: inf
2024-03-07 17:33:03,656 - INFO - Using device: cuda
2024-03-07 17:34:22,783 - INFO - working with train_data_size_per_class: 5000
2024-03-07 17:34:22,783 - INFO - working with valid_data_size_per_class: 200
2024-03-07 17:34:22,783 - INFO - working with test_data_size_per_class: inf
2024-03-07 17:34:22,879 - INFO - Using device: cuda
2024-03-07 18:06:35,110 - INFO - Test Loss: 0.0702, Test Accuracy: 97.94%
2024-03-07 18:19:17,455 - INFO - working with train_data_size_per_class: 100
2024-03-07 18:19:17,455 - INFO - working with valid_data_size_per_class: 100
2024-03-07 18:19:17,455 - INFO - working with test_data_size_per_class: 20
2024-03-07 18:19:17,580 - INFO - Using device: cuda
2024-03-07 18:19:25,862 - INFO - Test Loss: 8.8977, Test Accuracy: 50.00%
2024-03-07 18:19:56,021 - INFO - working with train_data_size_per_class: 100
2024-03-07 18:19:56,021 - INFO - working with valid_data_size_per_class: 100
2024-03-07 18:19:56,022 - INFO - working with test_data_size_per_class: 20
2024-03-07 18:19:56,118 - INFO - Using device: cuda
2024-03-07 18:20:04,434 - INFO - Test Loss: 0.6469, Test Accuracy: 72.50%
2024-03-07 18:21:13,523 - INFO - working with train_data_size_per_class: 100
2024-03-07 18:21:13,523 - INFO - working with valid_data_size_per_class: 100
2024-03-07 18:21:13,523 - INFO - working with test_data_size_per_class: 20
2024-03-07 18:21:13,628 - INFO - Using device: cuda
2024-03-07 18:21:16,411 - INFO - epoch 0 starts
2024-03-07 18:22:31,118 - INFO - Epoch 0:
2024-03-07 18:22:31,118 - INFO -  Training Loss: 0.6047, Training Accuracy: 69.50%
2024-03-07 18:22:31,118 - INFO -  Validation Loss: 0.5998, Validation Accuracy: 55.00%
2024-03-07 18:22:31,119 - INFO - epoch 1 starts
2024-03-07 18:23:41,872 - INFO - Epoch 1:
2024-03-07 18:23:41,873 - INFO -  Training Loss: 0.5450, Training Accuracy: 76.00%
2024-03-07 18:23:41,873 - INFO -  Validation Loss: 0.4532, Validation Accuracy: 79.00%
2024-03-07 18:23:41,873 - INFO - epoch 2 starts
2024-03-07 18:24:56,376 - INFO - Validation loss did not improve for 1/5 epochs.
2024-03-07 18:24:56,376 - INFO - Epoch 2:
2024-03-07 18:24:56,376 - INFO -  Training Loss: 0.5378, Training Accuracy: 78.50%
2024-03-07 18:24:56,376 - INFO -  Validation Loss: 1.6670, Validation Accuracy: 50.00%
2024-03-07 18:24:56,376 - INFO - epoch 3 starts
2024-03-07 18:26:11,384 - INFO - Validation loss did not improve for 2/5 epochs.
2024-03-07 18:26:11,384 - INFO - Epoch 3:
2024-03-07 18:26:11,384 - INFO -  Training Loss: 0.4788, Training Accuracy: 77.00%
2024-03-07 18:26:11,384 - INFO -  Validation Loss: 1.4705, Validation Accuracy: 55.00%
2024-03-07 18:26:11,385 - INFO - epoch 4 starts
2024-03-07 18:27:24,611 - INFO - Epoch 4:
2024-03-07 18:27:24,611 - INFO -  Training Loss: 0.4883, Training Accuracy: 80.00%
2024-03-07 18:27:24,611 - INFO -  Validation Loss: 0.2468, Validation Accuracy: 88.00%
2024-03-07 18:27:24,611 - INFO - epoch 5 starts
2024-03-07 18:28:36,756 - INFO - Epoch 5:
2024-03-07 18:28:36,756 - INFO -  Training Loss: 0.3422, Training Accuracy: 87.00%
2024-03-07 18:28:36,756 - INFO -  Validation Loss: 0.1819, Validation Accuracy: 90.50%
2024-03-07 18:28:36,757 - INFO - epoch 6 starts
2024-03-07 18:29:49,740 - INFO - Validation loss did not improve for 1/5 epochs.
2024-03-07 18:29:49,741 - INFO - Epoch 6:
2024-03-07 18:29:49,741 - INFO -  Training Loss: 0.3551, Training Accuracy: 86.50%
2024-03-07 18:29:49,741 - INFO -  Validation Loss: 0.1861, Validation Accuracy: 92.00%
2024-03-07 18:29:49,741 - INFO - epoch 7 starts
2024-03-07 18:30:59,984 - INFO - Validation loss did not improve for 2/5 epochs.
2024-03-07 18:30:59,984 - INFO - Epoch 7:
2024-03-07 18:30:59,984 - INFO -  Training Loss: 0.2909, Training Accuracy: 91.00%
2024-03-07 18:30:59,984 - INFO -  Validation Loss: 0.2395, Validation Accuracy: 92.00%
2024-03-07 18:30:59,985 - INFO - epoch 8 starts
2024-03-07 18:32:12,676 - INFO - Epoch 8:
2024-03-07 18:32:12,676 - INFO -  Training Loss: 0.1988, Training Accuracy: 94.50%
2024-03-07 18:32:12,676 - INFO -  Validation Loss: 0.1806, Validation Accuracy: 93.50%
2024-03-07 18:32:12,676 - INFO - epoch 9 starts
2024-03-07 18:33:24,041 - INFO - Validation loss did not improve for 1/5 epochs.
2024-03-07 18:33:24,042 - INFO - Epoch 9:
2024-03-07 18:33:24,042 - INFO -  Training Loss: 0.4294, Training Accuracy: 81.50%
2024-03-07 18:33:24,042 - INFO -  Validation Loss: 0.4066, Validation Accuracy: 91.00%
2024-03-07 18:33:24,042 - INFO - epoch 10 starts
2024-03-07 18:34:35,959 - INFO - Validation loss did not improve for 2/5 epochs.
2024-03-07 18:34:35,959 - INFO - Epoch 10:
2024-03-07 18:34:35,959 - INFO -  Training Loss: 0.3442, Training Accuracy: 84.00%
2024-03-07 18:34:35,959 - INFO -  Validation Loss: 0.4536, Validation Accuracy: 78.00%
2024-03-07 18:34:35,960 - INFO - epoch 11 starts
2024-03-07 18:35:52,403 - INFO - Validation loss did not improve for 3/5 epochs.
2024-03-07 18:35:52,403 - INFO - Epoch 11:
2024-03-07 18:35:52,403 - INFO -  Training Loss: 0.2774, Training Accuracy: 90.00%
2024-03-07 18:35:52,403 - INFO -  Validation Loss: 0.2332, Validation Accuracy: 91.00%
2024-03-07 18:35:52,404 - INFO - epoch 12 starts
2024-03-07 18:37:08,809 - INFO - Validation loss did not improve for 4/5 epochs.
2024-03-07 18:37:08,809 - INFO - Epoch 12:
2024-03-07 18:37:08,809 - INFO -  Training Loss: 0.2351, Training Accuracy: 91.00%
2024-03-07 18:37:08,809 - INFO -  Validation Loss: 0.2534, Validation Accuracy: 90.00%
2024-03-07 18:37:08,810 - INFO - epoch 13 starts
2024-03-07 18:38:22,045 - INFO - Validation loss did not improve for 5/5 epochs.
2024-03-07 18:38:22,045 - INFO - Early stopping triggered.
2024-03-07 18:38:26,377 - INFO - Test Loss: 0.1949, Test Accuracy: 95.00%
2024-03-07 18:55:36,039 - INFO - working with train_data_size_per_class: 10
2024-03-07 18:55:36,039 - INFO - working with valid_data_size_per_class: 10
2024-03-07 18:55:36,039 - INFO - working with test_data_size_per_class: 2
2024-03-07 18:55:36,147 - INFO - Using device: cuda
2024-03-07 18:55:38,861 - INFO - epoch 0 starts
2024-03-07 18:55:47,317 - INFO - Epoch 0:
2024-03-07 18:55:47,317 - INFO -  Training Loss: 0.6974, Training Accuracy: 50.00%
2024-03-07 18:55:47,317 - INFO -  Validation Loss: 0.7107, Validation Accuracy: 50.00%
2024-03-07 18:55:47,317 - INFO - epoch 1 starts
2024-03-07 18:55:54,434 - INFO - Epoch 1:
2024-03-07 18:55:54,434 - INFO -  Training Loss: 0.5643, Training Accuracy: 65.00%
2024-03-07 18:55:54,434 - INFO -  Validation Loss: 0.6915, Validation Accuracy: 55.00%
2024-03-07 18:55:54,434 - INFO - epoch 2 starts
2024-03-07 18:56:01,381 - INFO - Validation loss did not improve for 1/5 epochs.
2024-03-07 18:56:01,381 - INFO - Epoch 2:
2024-03-07 18:56:01,381 - INFO -  Training Loss: 0.4161, Training Accuracy: 85.00%
2024-03-07 18:56:01,381 - INFO -  Validation Loss: 0.7167, Validation Accuracy: 45.00%
2024-03-07 18:56:01,382 - INFO - epoch 3 starts
2024-03-07 18:56:08,601 - INFO - Validation loss did not improve for 2/5 epochs.
2024-03-07 18:56:08,601 - INFO - Epoch 3:
2024-03-07 18:56:08,601 - INFO -  Training Loss: 0.3453, Training Accuracy: 85.00%
2024-03-07 18:56:08,601 - INFO -  Validation Loss: 0.7454, Validation Accuracy: 55.00%
2024-03-07 18:56:08,601 - INFO - epoch 4 starts
2024-03-07 18:56:15,665 - INFO - Validation loss did not improve for 3/5 epochs.
2024-03-07 18:56:15,665 - INFO - Epoch 4:
2024-03-07 18:56:15,665 - INFO -  Training Loss: 0.2426, Training Accuracy: 90.00%
2024-03-07 18:56:15,665 - INFO -  Validation Loss: 0.7001, Validation Accuracy: 65.00%
2024-03-07 18:56:15,666 - INFO - epoch 5 starts
2024-03-07 18:56:22,736 - INFO - Epoch 5:
2024-03-07 18:56:22,737 - INFO -  Training Loss: 0.2991, Training Accuracy: 85.00%
2024-03-07 18:56:22,737 - INFO -  Validation Loss: 0.6651, Validation Accuracy: 60.00%
2024-03-07 18:56:22,737 - INFO - epoch 6 starts
2024-03-07 18:56:29,867 - INFO - Validation loss did not improve for 1/5 epochs.
2024-03-07 18:56:29,867 - INFO - Epoch 6:
2024-03-07 18:56:29,867 - INFO -  Training Loss: 0.4019, Training Accuracy: 80.00%
2024-03-07 18:56:29,868 - INFO -  Validation Loss: 0.7247, Validation Accuracy: 70.00%
2024-03-07 18:56:29,868 - INFO - epoch 7 starts
2024-03-07 18:56:37,216 - INFO - Validation loss did not improve for 2/5 epochs.
2024-03-07 18:56:37,217 - INFO - Epoch 7:
2024-03-07 18:56:37,217 - INFO -  Training Loss: 0.4460, Training Accuracy: 75.00%
2024-03-07 18:56:37,217 - INFO -  Validation Loss: 1.2003, Validation Accuracy: 65.00%
2024-03-07 18:56:37,217 - INFO - epoch 8 starts
2024-03-07 18:56:44,804 - INFO - Epoch 8:
2024-03-07 18:56:44,804 - INFO -  Training Loss: 0.1978, Training Accuracy: 95.00%
2024-03-07 18:56:44,805 - INFO -  Validation Loss: 0.6175, Validation Accuracy: 90.00%
2024-03-07 18:56:44,805 - INFO - epoch 9 starts
2024-03-07 18:56:52,171 - INFO - Validation loss did not improve for 1/5 epochs.
2024-03-07 18:56:52,171 - INFO - Epoch 9:
2024-03-07 18:56:52,171 - INFO -  Training Loss: 0.1956, Training Accuracy: 95.00%
2024-03-07 18:56:52,172 - INFO -  Validation Loss: 0.6932, Validation Accuracy: 90.00%
2024-03-07 18:56:52,172 - INFO - epoch 10 starts
2024-03-07 18:56:59,785 - INFO - Validation loss did not improve for 2/5 epochs.
2024-03-07 18:56:59,785 - INFO - Epoch 10:
2024-03-07 18:56:59,786 - INFO -  Training Loss: 0.1818, Training Accuracy: 90.00%
2024-03-07 18:56:59,786 - INFO -  Validation Loss: 0.7118, Validation Accuracy: 80.00%
2024-03-07 18:56:59,786 - INFO - epoch 11 starts
2024-03-07 18:57:07,357 - INFO - Validation loss did not improve for 3/5 epochs.
2024-03-07 18:57:07,357 - INFO - Epoch 11:
2024-03-07 18:57:07,357 - INFO -  Training Loss: 0.1629, Training Accuracy: 95.00%
2024-03-07 18:57:07,357 - INFO -  Validation Loss: 0.6354, Validation Accuracy: 85.00%
2024-03-07 18:57:07,357 - INFO - epoch 12 starts
2024-03-07 18:57:14,489 - INFO - Validation loss did not improve for 4/5 epochs.
2024-03-07 18:57:14,490 - INFO - Epoch 12:
2024-03-07 18:57:14,490 - INFO -  Training Loss: 0.1064, Training Accuracy: 95.00%
2024-03-07 18:57:14,490 - INFO -  Validation Loss: 0.6636, Validation Accuracy: 85.00%
2024-03-07 18:57:14,490 - INFO - epoch 13 starts
2024-03-07 18:57:21,404 - INFO - Validation loss did not improve for 5/5 epochs.
2024-03-07 18:57:21,404 - INFO - Early stopping triggered.
2024-03-07 18:57:21,943 - INFO - Test Loss: 0.0124, Test Accuracy: 100.00%
2024-03-07 18:57:47,014 - INFO - working with train_data_size_per_class: 10
2024-03-07 18:57:47,014 - INFO - working with valid_data_size_per_class: 10
2024-03-07 18:57:47,014 - INFO - working with test_data_size_per_class: 2
2024-03-07 18:57:47,112 - INFO - Using device: cuda
2024-03-07 18:57:50,006 - INFO - epoch 0 starts
2024-03-07 18:57:58,420 - INFO - Epoch 0:
2024-03-07 18:57:58,421 - INFO -  Training Loss: 0.5844, Training Accuracy: 75.00%
2024-03-07 18:57:58,421 - INFO -  Validation Loss: 0.6989, Validation Accuracy: 50.00%
2024-03-07 18:57:58,421 - INFO - epoch 1 starts
2024-03-07 18:58:05,112 - INFO - Validation loss did not improve for 1/5 epochs.
2024-03-07 18:58:05,112 - INFO - Epoch 1:
2024-03-07 18:58:05,112 - INFO -  Training Loss: 0.6114, Training Accuracy: 75.00%
2024-03-07 18:58:05,112 - INFO -  Validation Loss: 0.7021, Validation Accuracy: 50.00%
2024-03-07 18:58:05,112 - INFO - epoch 2 starts
2024-03-07 18:58:12,370 - INFO - Epoch 2:
2024-03-07 18:58:12,370 - INFO -  Training Loss: 0.4306, Training Accuracy: 90.00%
2024-03-07 18:58:12,370 - INFO -  Validation Loss: 0.6297, Validation Accuracy: 50.00%
2024-03-07 18:58:12,370 - INFO - epoch 3 starts
2024-03-07 18:58:19,047 - INFO - Epoch 3:
2024-03-07 18:58:19,047 - INFO -  Training Loss: 0.4624, Training Accuracy: 75.00%
2024-03-07 18:58:19,048 - INFO -  Validation Loss: 0.5744, Validation Accuracy: 75.00%
2024-03-07 18:58:19,048 - INFO - epoch 4 starts
2024-03-07 18:58:26,436 - INFO - Validation loss did not improve for 1/5 epochs.
2024-03-07 18:58:26,436 - INFO - Epoch 4:
2024-03-07 18:58:26,436 - INFO -  Training Loss: 0.4156, Training Accuracy: 90.00%
2024-03-07 18:58:26,436 - INFO -  Validation Loss: 0.7925, Validation Accuracy: 55.00%
2024-03-07 18:58:26,436 - INFO - epoch 5 starts
2024-03-07 18:58:33,414 - INFO - Validation loss did not improve for 2/5 epochs.
2024-03-07 18:58:33,414 - INFO - Epoch 5:
2024-03-07 18:58:33,414 - INFO -  Training Loss: 0.4826, Training Accuracy: 80.00%
2024-03-07 18:58:33,414 - INFO -  Validation Loss: 0.6847, Validation Accuracy: 80.00%
2024-03-07 18:58:33,415 - INFO - epoch 6 starts
2024-03-07 18:58:40,857 - INFO - Validation loss did not improve for 3/5 epochs.
2024-03-07 18:58:40,857 - INFO - Epoch 6:
2024-03-07 18:58:40,857 - INFO -  Training Loss: 0.3897, Training Accuracy: 85.00%
2024-03-07 18:58:40,857 - INFO -  Validation Loss: 0.6363, Validation Accuracy: 75.00%
2024-03-07 18:58:40,857 - INFO - epoch 7 starts
2024-03-07 18:58:48,440 - INFO - Epoch 7:
2024-03-07 18:58:48,441 - INFO -  Training Loss: 0.3863, Training Accuracy: 85.00%
2024-03-07 18:58:48,441 - INFO -  Validation Loss: 0.3866, Validation Accuracy: 85.00%
2024-03-07 18:58:48,441 - INFO - epoch 8 starts
2024-03-07 18:58:56,012 - INFO - Validation loss did not improve for 1/5 epochs.
2024-03-07 18:58:56,013 - INFO - Epoch 8:
2024-03-07 18:58:56,013 - INFO -  Training Loss: 0.4069, Training Accuracy: 90.00%
2024-03-07 18:58:56,013 - INFO -  Validation Loss: 0.5992, Validation Accuracy: 70.00%
2024-03-07 18:58:56,013 - INFO - epoch 9 starts
2024-03-07 18:59:03,125 - INFO - Validation loss did not improve for 2/5 epochs.
2024-03-07 18:59:03,125 - INFO - Epoch 9:
2024-03-07 18:59:03,125 - INFO -  Training Loss: 0.2707, Training Accuracy: 85.00%
2024-03-07 18:59:03,125 - INFO -  Validation Loss: 0.7493, Validation Accuracy: 75.00%
2024-03-07 18:59:03,125 - INFO - epoch 10 starts
2024-03-07 18:59:09,911 - INFO - Validation loss did not improve for 3/5 epochs.
2024-03-07 18:59:09,911 - INFO - Epoch 10:
2024-03-07 18:59:09,911 - INFO -  Training Loss: 0.1468, Training Accuracy: 100.00%
2024-03-07 18:59:09,911 - INFO -  Validation Loss: 1.2297, Validation Accuracy: 75.00%
2024-03-07 18:59:09,912 - INFO - epoch 11 starts
2024-03-07 18:59:16,854 - INFO - Validation loss did not improve for 4/5 epochs.
2024-03-07 18:59:16,854 - INFO - Epoch 11:
2024-03-07 18:59:16,854 - INFO -  Training Loss: 0.5167, Training Accuracy: 80.00%
2024-03-07 18:59:16,854 - INFO -  Validation Loss: 1.1132, Validation Accuracy: 80.00%
2024-03-07 18:59:16,855 - INFO - epoch 12 starts
2024-03-07 18:59:24,403 - INFO - Validation loss did not improve for 5/5 epochs.
2024-03-07 18:59:24,403 - INFO - Early stopping triggered.
2024-03-07 18:59:24,971 - INFO - Test Loss: 1.6398, Test Accuracy: 50.00%
2024-03-07 18:59:25,271 - INFO - Plots saved: "training_validation_loss.png" and "training_validation_accuracy.png"
2024-03-07 19:04:11,610 - INFO - working with train_data_size_per_class: 10
2024-03-07 19:04:11,610 - INFO - working with valid_data_size_per_class: 10
2024-03-07 19:04:11,610 - INFO - working with test_data_size_per_class: 2
2024-03-07 19:04:11,738 - INFO - Using device: cuda
2024-03-07 19:04:14,749 - INFO - epoch 0 starts
2024-03-07 19:04:23,240 - INFO - Epoch 0:
2024-03-07 19:04:23,240 - INFO -  Training Loss: 0.6794, Training Accuracy: 55.00%
2024-03-07 19:04:23,240 - INFO -  Validation Loss: 0.6923, Validation Accuracy: 60.00%
2024-03-07 19:04:23,240 - INFO - epoch 1 starts
2024-03-07 19:04:30,484 - INFO - Epoch 1:
2024-03-07 19:04:30,484 - INFO -  Training Loss: 0.4698, Training Accuracy: 85.00%
2024-03-07 19:04:30,484 - INFO -  Validation Loss: 0.6673, Validation Accuracy: 55.00%
2024-03-07 19:04:30,485 - INFO - epoch 2 starts
2024-03-07 19:04:37,007 - INFO - Epoch 2:
2024-03-07 19:04:37,007 - INFO -  Training Loss: 0.4030, Training Accuracy: 85.00%
2024-03-07 19:04:37,008 - INFO -  Validation Loss: 0.6063, Validation Accuracy: 70.00%
2024-03-07 19:04:37,008 - INFO - epoch 3 starts
2024-03-07 19:04:44,388 - INFO - Validation loss did not improve for 1/5 epochs.
2024-03-07 19:04:44,388 - INFO - Epoch 3:
2024-03-07 19:04:44,388 - INFO -  Training Loss: 0.5133, Training Accuracy: 75.00%
2024-03-07 19:04:44,388 - INFO -  Validation Loss: 0.6465, Validation Accuracy: 75.00%
2024-03-07 19:04:44,389 - INFO - epoch 4 starts
2024-03-07 19:04:50,980 - INFO - Validation loss did not improve for 2/5 epochs.
2024-03-07 19:04:50,980 - INFO - Epoch 4:
2024-03-07 19:04:50,980 - INFO -  Training Loss: 0.3583, Training Accuracy: 85.00%
2024-03-07 19:04:50,980 - INFO -  Validation Loss: 0.7762, Validation Accuracy: 75.00%
2024-03-07 19:04:50,980 - INFO - epoch 5 starts
2024-03-07 19:04:57,607 - INFO - Epoch 5:
2024-03-07 19:04:57,607 - INFO -  Training Loss: 0.2320, Training Accuracy: 90.00%
2024-03-07 19:04:57,607 - INFO -  Validation Loss: 0.5178, Validation Accuracy: 75.00%
2024-03-07 19:04:57,608 - INFO - epoch 6 starts
2024-03-07 19:05:05,085 - INFO - Validation loss did not improve for 1/5 epochs.
2024-03-07 19:05:05,085 - INFO - Epoch 6:
2024-03-07 19:05:05,085 - INFO -  Training Loss: 0.2744, Training Accuracy: 95.00%
2024-03-07 19:05:05,085 - INFO -  Validation Loss: 0.6487, Validation Accuracy: 75.00%
2024-03-07 19:05:05,086 - INFO - epoch 7 starts
2024-03-07 19:05:11,837 - INFO - Validation loss did not improve for 2/5 epochs.
2024-03-07 19:05:11,837 - INFO - Epoch 7:
2024-03-07 19:05:11,837 - INFO -  Training Loss: 0.2838, Training Accuracy: 90.00%
2024-03-07 19:05:11,837 - INFO -  Validation Loss: 0.7031, Validation Accuracy: 75.00%
2024-03-07 19:05:11,838 - INFO - epoch 8 starts
2024-03-07 19:05:18,926 - INFO - Validation loss did not improve for 3/5 epochs.
2024-03-07 19:05:18,926 - INFO - Epoch 8:
2024-03-07 19:05:18,926 - INFO -  Training Loss: 0.1625, Training Accuracy: 100.00%
2024-03-07 19:05:18,926 - INFO -  Validation Loss: 1.3965, Validation Accuracy: 75.00%
2024-03-07 19:05:18,927 - INFO - epoch 9 starts
2024-03-07 19:05:26,000 - INFO - Validation loss did not improve for 4/5 epochs.
2024-03-07 19:05:26,001 - INFO - Epoch 9:
2024-03-07 19:05:26,001 - INFO -  Training Loss: 0.3070, Training Accuracy: 95.00%
2024-03-07 19:05:26,001 - INFO -  Validation Loss: 0.9213, Validation Accuracy: 80.00%
2024-03-07 19:05:26,001 - INFO - epoch 10 starts
2024-03-07 19:05:32,808 - INFO - Validation loss did not improve for 5/5 epochs.
2024-03-07 19:05:32,808 - INFO - Early stopping triggered.
2024-03-07 19:05:33,421 - INFO - Test Loss: 0.7745, Test Accuracy: 75.00%
2024-03-07 19:05:33,745 - INFO - Plots saved: "training_validation_loss.png" and "training_validation_accuracy.png"
2024-03-07 19:08:32,514 - INFO - working with train_data_size_per_class: inf
2024-03-07 19:08:32,514 - INFO - working with valid_data_size_per_class: inf
2024-03-07 19:08:32,514 - INFO - working with test_data_size_per_class: inf
2024-03-07 19:08:32,617 - INFO - Using device: cuda
2024-03-07 19:08:35,939 - INFO - epoch 0 starts
